/u/s/i/sinclair/courses/cs552/spring2019/handouts/testprograms/public/rand_final/ldld_rand_large.asm SUCCESS CPI:2.5 CYCLES:2609 ICOUNT:1035 IHITRATE: 98.2 DHITRATE: 77.3
/u/s/i/sinclair/courses/cs552/spring2019/handouts/testprograms/public/rand_final/ldld_rand_small.asm SUCCESS CPI:2.5 CYCLES:2609 ICOUNT:1035 IHITRATE: 98.2 DHITRATE: 77.3
/u/s/i/sinclair/courses/cs552/spring2019/handouts/testprograms/public/rand_final/ldst_rand_large.asm SUCCESS CPI:12.6 CYCLES:38 ICOUNT:3 IHITRATE: 12.5 DHITRATE: 0.0
/u/s/i/sinclair/courses/cs552/spring2019/handouts/testprograms/public/rand_final/ldst_rand_small.asm SUCCESS CPI:12.6 CYCLES:38 ICOUNT:3 IHITRATE: 12.5 DHITRATE: 0.0
/u/s/i/sinclair/courses/cs552/spring2019/handouts/testprograms/public/rand_final/t_100_all.asm SUCCESS CPI:4.7 CYCLES:1505 ICOUNT:321 IHITRATE: 20.7 DHITRATE: 20.9
/u/s/i/sinclair/courses/cs552/spring2019/handouts/testprograms/public/rand_final/t_100_ctrl.asm SUCCESS CPI:4.7 CYCLES:2084 ICOUNT:444 IHITRATE: 19.7 DHITRATE: 22.0
/u/s/i/sinclair/courses/cs552/spring2019/handouts/testprograms/public/rand_final/t_100_icache.asm SUCCESS CPI:28.6 CYCLES:344 ICOUNT:12 IHITRATE: 5.8 DHITRATE: 0
/u/s/i/sinclair/courses/cs552/spring2019/handouts/testprograms/public/rand_final/t_100_idcache.asm SUCCESS CPI:8.1 CYCLES:631 ICOUNT:78 IHITRATE: 18.8 DHITRATE: 5.6
/u/s/i/sinclair/courses/cs552/spring2019/handouts/testprograms/public/rand_final/t_100_mem.asm SUCCESS CPI:4.9 CYCLES:3277 ICOUNT:668 IHITRATE: 29.5 DHITRATE: 51.3
/u/s/i/sinclair/courses/cs552/spring2019/handouts/testprograms/public/rand_final/t_101_all.asm SUCCESS CPI:4.5 CYCLES:1923 ICOUNT:431 IHITRATE: 20.8 DHITRATE: 21.7
/u/s/i/sinclair/courses/cs552/spring2019/handouts/testprograms/public/rand_final/t_101_ctrl.asm SUCCESS CPI:4.3 CYCLES:2264 ICOUNT:523 IHITRATE: 22.5 DHITRATE: 21.2
/u/s/i/sinclair/courses/cs552/spring2019/handouts/testprograms/public/rand_final/t_101_icache.asm SUCCESS CPI:6.3 CYCLES:374 ICOUNT:59 IHITRATE: 14.2 DHITRATE: 0
/u/s/i/sinclair/courses/cs552/spring2019/handouts/testprograms/public/rand_final/t_101_idcache.asm SUCCESS CPI:8.2 CYCLES:593 ICOUNT:72 IHITRATE: 21.1 DHITRATE: 5.6
/u/s/i/sinclair/courses/cs552/spring2019/handouts/testprograms/public/rand_final/t_101_mem.asm SUCCESS CPI:4.9 CYCLES:3260 ICOUNT:672 IHITRATE: 29.1 DHITRATE: 52.4
/u/s/i/sinclair/courses/cs552/spring2019/handouts/testprograms/public/rand_final/t_102_all.asm SUCCESS CPI:4.5 CYCLES:1595 ICOUNT:354 IHITRATE: 20.9 DHITRATE: 15.0
/u/s/i/sinclair/courses/cs552/spring2019/handouts/testprograms/public/rand_final/t_102_ctrl.asm SUCCESS CPI:4.7 CYCLES:2084 ICOUNT:442 IHITRATE: 20.5 DHITRATE: 15.2
/u/s/i/sinclair/courses/cs552/spring2019/handouts/testprograms/public/rand_final/t_102_icache.asm SUCCESS CPI:39.7 CYCLES:477 ICOUNT:12 IHITRATE: 6.6 DHITRATE: 0
/u/s/i/sinclair/courses/cs552/spring2019/handouts/testprograms/public/rand_final/t_102_idcache.asm SUCCESS CPI:9.6 CYCLES:593 ICOUNT:62 IHITRATE: 15.8 DHITRATE: 5.7
/u/s/i/sinclair/courses/cs552/spring2019/handouts/testprograms/public/rand_final/t_102_mem.asm SUCCESS CPI:4.6 CYCLES:3090 ICOUNT:678 IHITRATE: 27.3 DHITRATE: 67.2
/u/s/i/sinclair/courses/cs552/spring2019/handouts/testprograms/public/rand_final/t_103_all.asm SUCCESS CPI:4.2 CYCLES:1871 ICOUNT:443 IHITRATE: 21.6 DHITRATE: 13.2
/u/s/i/sinclair/courses/cs552/spring2019/handouts/testprograms/public/rand_final/t_103_ctrl.asm SUCCESS CPI:4.4 CYCLES:2360 ICOUNT:540 IHITRATE: 21.6 DHITRATE: 20.9
/u/s/i/sinclair/courses/cs552/spring2019/handouts/testprograms/public/rand_final/t_103_icache.asm SUCCESS CPI:31.1 CYCLES:404 ICOUNT:13 IHITRATE: 6.2 DHITRATE: 0
/u/s/i/sinclair/courses/cs552/spring2019/handouts/testprograms/public/rand_final/t_103_idcache.asm SUCCESS CPI:5.2 CYCLES:720 ICOUNT:139 IHITRATE: 20.1 DHITRATE: 5.8
/u/s/i/sinclair/courses/cs552/spring2019/handouts/testprograms/public/rand_final/t_103_mem.asm SUCCESS CPI:4.7 CYCLES:3146 ICOUNT:667 IHITRATE: 27.1 DHITRATE: 65.7
/u/s/i/sinclair/courses/cs552/spring2019/handouts/testprograms/public/rand_final/t_104_all.asm SUCCESS CPI:4.3 CYCLES:1899 ICOUNT:445 IHITRATE: 21.5 DHITRATE: 15.9
/u/s/i/sinclair/courses/cs552/spring2019/handouts/testprograms/public/rand_final/t_104_ctrl.asm SUCCESS CPI:4.3 CYCLES:2321 ICOUNT:538 IHITRATE: 21.5 DHITRATE: 16.8
/u/s/i/sinclair/courses/cs552/spring2019/handouts/testprograms/public/rand_final/t_104_icache.asm SUCCESS CPI:7.7 CYCLES:370 ICOUNT:48 IHITRATE: 12.5 DHITRATE: 0
/u/s/i/sinclair/courses/cs552/spring2019/handouts/testprograms/public/rand_final/t_104_idcache.asm SUCCESS CPI:6.9 CYCLES:567 ICOUNT:82 IHITRATE: 14.8 DHITRATE: 2.7
/u/s/i/sinclair/courses/cs552/spring2019/handouts/testprograms/public/rand_final/t_104_mem.asm SUCCESS CPI:4.7 CYCLES:3140 ICOUNT:667 IHITRATE: 27.3 DHITRATE: 71.3
/u/s/i/sinclair/courses/cs552/spring2019/handouts/testprograms/public/rand_final/t_105_all.asm SUCCESS CPI:4.3 CYCLES:1907 ICOUNT:443 IHITRATE: 21.5 DHITRATE: 14.7
/u/s/i/sinclair/courses/cs552/spring2019/handouts/testprograms/public/rand_final/t_105_ctrl.asm SUCCESS CPI:4.4 CYCLES:2233 ICOUNT:509 IHITRATE: 21.1 DHITRATE: 20.9
/u/s/i/sinclair/courses/cs552/spring2019/handouts/testprograms/public/rand_final/t_105_icache.asm SUCCESS CPI:10.5 CYCLES:431 ICOUNT:41 IHITRATE: 10.4 DHITRATE: 0
/u/s/i/sinclair/courses/cs552/spring2019/handouts/testprograms/public/rand_final/t_105_idcache.asm SUCCESS CPI:8.6 CYCLES:667 ICOUNT:78 IHITRATE: 13.1 DHITRATE: 1.0
/u/s/i/sinclair/courses/cs552/spring2019/handouts/testprograms/public/rand_final/t_105_mem.asm SUCCESS CPI:4.7 CYCLES:3122 ICOUNT:670 IHITRATE: 26.9 DHITRATE: 66.0
/u/s/i/sinclair/courses/cs552/spring2019/handouts/testprograms/public/rand_final/t_106_all.asm SUCCESS CPI:4.4 CYCLES:2009 ICOUNT:453 IHITRATE: 20.5 DHITRATE: 21.2
/u/s/i/sinclair/courses/cs552/spring2019/handouts/testprograms/public/rand_final/t_106_ctrl.asm SUCCESS CPI:4.6 CYCLES:2292 ICOUNT:500 IHITRATE: 20.6 DHITRATE: 22.9
/u/s/i/sinclair/courses/cs552/spring2019/handouts/testprograms/public/rand_final/t_106_icache.asm SUCCESS CPI:33.3 CYCLES:400 ICOUNT:12 IHITRATE: 8.0 DHITRATE: 0
/u/s/i/sinclair/courses/cs552/spring2019/handouts/testprograms/public/rand_final/t_106_idcache.asm SUCCESS CPI:5.8 CYCLES:718 ICOUNT:123 IHITRATE: 17.2 DHITRATE: 4.3
/u/s/i/sinclair/courses/cs552/spring2019/handouts/testprograms/public/rand_final/t_106_mem.asm SUCCESS CPI:4.8 CYCLES:3200 ICOUNT:669 IHITRATE: 28.1 DHITRATE: 60.5
/u/s/i/sinclair/courses/cs552/spring2019/handouts/testprograms/public/rand_final/t_107_all.asm SUCCESS CPI:4.3 CYCLES:1796 ICOUNT:415 IHITRATE: 21.6 DHITRATE: 16.9
/u/s/i/sinclair/courses/cs552/spring2019/handouts/testprograms/public/rand_final/t_107_ctrl.asm SUCCESS CPI:4.3 CYCLES:2348 ICOUNT:542 IHITRATE: 21.8 DHITRATE: 23.9
/u/s/i/sinclair/courses/cs552/spring2019/handouts/testprograms/public/rand_final/t_107_icache.asm SUCCESS CPI:10.7 CYCLES:407 ICOUNT:38 IHITRATE: 11.8 DHITRATE: 0
/u/s/i/sinclair/courses/cs552/spring2019/handouts/testprograms/public/rand_final/t_107_idcache.asm SUCCESS CPI:6.1 CYCLES:542 ICOUNT:89 IHITRATE: 16.1 DHITRATE: 2.7
/u/s/i/sinclair/courses/cs552/spring2019/handouts/testprograms/public/rand_final/t_107_mem.asm SUCCESS CPI:4.7 CYCLES:3132 ICOUNT:661 IHITRATE: 27.4 DHITRATE: 62.2
/u/s/i/sinclair/courses/cs552/spring2019/handouts/testprograms/public/rand_final/t_108_all.asm SUCCESS CPI:4.1 CYCLES:1860 ICOUNT:451 IHITRATE: 22.1 DHITRATE: 17.0
/u/s/i/sinclair/courses/cs552/spring2019/handouts/testprograms/public/rand_final/t_108_ctrl.asm SUCCESS CPI:4.3 CYCLES:2191 ICOUNT:504 IHITRATE: 20.6 DHITRATE: 22.3
/u/s/i/sinclair/courses/cs552/spring2019/handouts/testprograms/public/rand_final/t_108_icache.asm SUCCESS CPI:7.6 CYCLES:329 ICOUNT:43 IHITRATE: 13.3 DHITRATE: 0
/u/s/i/sinclair/courses/cs552/spring2019/handouts/testprograms/public/rand_final/t_108_idcache.asm SUCCESS CPI:8.7 CYCLES:427 ICOUNT:49 IHITRATE: 14.9 DHITRATE: 1.4
/u/s/i/sinclair/courses/cs552/spring2019/handouts/testprograms/public/rand_final/t_108_mem.asm SUCCESS CPI:4.9 CYCLES:3286 ICOUNT:677 IHITRATE: 29.7 DHITRATE: 47.9
/u/s/i/sinclair/courses/cs552/spring2019/handouts/testprograms/public/rand_final/t_109_all.asm SUCCESS CPI:4.6 CYCLES:1492 ICOUNT:322 IHITRATE: 20.5 DHITRATE: 35.7
/u/s/i/sinclair/courses/cs552/spring2019/handouts/testprograms/public/rand_final/t_109_ctrl.asm SUCCESS CPI:4.5 CYCLES:2373 ICOUNT:533 IHITRATE: 21.0 DHITRATE: 39.4
/u/s/i/sinclair/courses/cs552/spring2019/handouts/testprograms/public/rand_final/t_109_icache.asm SUCCESS CPI:6.7 CYCLES:591 ICOUNT:88 IHITRATE: 15.1 DHITRATE: 0
/u/s/i/sinclair/courses/cs552/spring2019/handouts/testprograms/public/rand_final/t_109_idcache.asm SUCCESS CPI:7.7 CYCLES:735 ICOUNT:95 IHITRATE: 16.7 DHITRATE: 1.6
/u/s/i/sinclair/courses/cs552/spring2019/handouts/testprograms/public/rand_final/t_109_mem.asm SUCCESS CPI:4.8 CYCLES:3177 ICOUNT:661 IHITRATE: 27.6 DHITRATE: 63.2
/u/s/i/sinclair/courses/cs552/spring2019/handouts/testprograms/public/rand_final/t_10_mem.asm SUCCESS CPI:4.7 CYCLES:3114 ICOUNT:667 IHITRATE: 27.8 DHITRATE: 62.4
/u/s/i/sinclair/courses/cs552/spring2019/handouts/testprograms/public/rand_final/t_110_all.asm SUCCESS CPI:4.3 CYCLES:1896 ICOUNT:436 IHITRATE: 20.9 DHITRATE: 37.9
/u/s/i/sinclair/courses/cs552/spring2019/handouts/testprograms/public/rand_final/t_110_ctrl.asm SUCCESS CPI:4.7 CYCLES:2202 ICOUNT:470 IHITRATE: 20.2 DHITRATE: 21.5
/u/s/i/sinclair/courses/cs552/spring2019/handouts/testprograms/public/rand_final/t_110_icache.asm SUCCESS CPI:7.1 CYCLES:487 ICOUNT:69 IHITRATE: 13.5 DHITRATE: 0
/u/s/i/sinclair/courses/cs552/spring2019/handouts/testprograms/public/rand_final/t_110_idcache.asm SUCCESS CPI:5.6 CYCLES:819 ICOUNT:147 IHITRATE: 20.5 DHITRATE: 2.3
/u/s/i/sinclair/courses/cs552/spring2019/handouts/testprograms/public/rand_final/t_110_mem.asm SUCCESS CPI:4.5 CYCLES:3093 ICOUNT:681 IHITRATE: 26.8 DHITRATE: 67.0
/u/s/i/sinclair/courses/cs552/spring2019/handouts/testprograms/public/rand_final/t_111_all.asm SUCCESS CPI:4.7 CYCLES:1800 ICOUNT:382 IHITRATE: 19.9 DHITRATE: 23.7
/u/s/i/sinclair/courses/cs552/spring2019/handouts/testprograms/public/rand_final/t_111_ctrl.asm SUCCESS CPI:4.2 CYCLES:2312 ICOUNT:551 IHITRATE: 22.2 DHITRATE: 23.5
/u/s/i/sinclair/courses/cs552/spring2019/handouts/testprograms/public/rand_final/t_111_icache.asm SUCCESS CPI:25.7 CYCLES:386 ICOUNT:15 IHITRATE: 7.0 DHITRATE: 0
/u/s/i/sinclair/courses/cs552/spring2019/handouts/testprograms/public/rand_final/t_111_idcache.asm SUCCESS CPI:6.5 CYCLES:621 ICOUNT:96 IHITRATE: 18.5 DHITRATE: 1.7
/u/s/i/sinclair/courses/cs552/spring2019/handouts/testprograms/public/rand_final/t_111_mem.asm SUCCESS CPI:4.7 CYCLES:3214 ICOUNT:683 IHITRATE: 28.5 DHITRATE: 55.6
/u/s/i/sinclair/courses/cs552/spring2019/handouts/testprograms/public/rand_final/t_112_all.asm SUCCESS CPI:4.6 CYCLES:1646 ICOUNT:361 IHITRATE: 20.5 DHITRATE: 15.4
/u/s/i/sinclair/courses/cs552/spring2019/handouts/testprograms/public/rand_final/t_112_ctrl.asm SUCCESS CPI:4.3 CYCLES:2314 ICOUNT:533 IHITRATE: 21.7 DHITRATE: 15.8
/u/s/i/sinclair/courses/cs552/spring2019/handouts/testprograms/public/rand_final/t_112_icache.asm SUCCESS CPI:5.9 CYCLES:355 ICOUNT:60 IHITRATE: 15.0 DHITRATE: 0
/u/s/i/sinclair/courses/cs552/spring2019/handouts/testprograms/public/rand_final/t_112_idcache.asm SUCCESS CPI:8.0 CYCLES:545 ICOUNT:68 IHITRATE: 21.9 DHITRATE: 4.5
/u/s/i/sinclair/courses/cs552/spring2019/handouts/testprograms/public/rand_final/t_112_mem.asm SUCCESS CPI:4.8 CYCLES:3193 ICOUNT:668 IHITRATE: 27.6 DHITRATE: 70.4
/u/s/i/sinclair/courses/cs552/spring2019/handouts/testprograms/public/rand_final/t_113_all.asm SUCCESS CPI:4.5 CYCLES:1488 ICOUNT:332 IHITRATE: 20.2 DHITRATE: 27.3
/u/s/i/sinclair/courses/cs552/spring2019/handouts/testprograms/public/rand_final/t_113_ctrl.asm SUCCESS CPI:4.7 CYCLES:2235 ICOUNT:476 IHITRATE: 20.3 DHITRATE: 23.5
/u/s/i/sinclair/courses/cs552/spring2019/handouts/testprograms/public/rand_final/t_113_icache.asm SUCCESS CPI:11.2 CYCLES:604 ICOUNT:54 IHITRATE: 10.4 DHITRATE: 0
/u/s/i/sinclair/courses/cs552/spring2019/handouts/testprograms/public/rand_final/t_113_idcache.asm SUCCESS CPI:5.7 CYCLES:793 ICOUNT:139 IHITRATE: 16.5 DHITRATE: 3.9
/u/s/i/sinclair/courses/cs552/spring2019/handouts/testprograms/public/rand_final/t_113_mem.asm SUCCESS CPI:4.7 CYCLES:3183 ICOUNT:679 IHITRATE: 28.3 DHITRATE: 62.5
/u/s/i/sinclair/courses/cs552/spring2019/handouts/testprograms/public/rand_final/t_114_all.asm SUCCESS CPI:3.9 CYCLES:2296 ICOUNT:587 IHITRATE: 22.8 DHITRATE: 22.7
/u/s/i/sinclair/courses/cs552/spring2019/handouts/testprograms/public/rand_final/t_114_ctrl.asm SUCCESS CPI:4.2 CYCLES:2533 ICOUNT:608 IHITRATE: 21.9 DHITRATE: 40.0
/u/s/i/sinclair/courses/cs552/spring2019/handouts/testprograms/public/rand_final/t_114_icache.asm SUCCESS CPI:11.2 CYCLES:435 ICOUNT:39 IHITRATE: 11.0 DHITRATE: 0
/u/s/i/sinclair/courses/cs552/spring2019/handouts/testprograms/public/rand_final/t_114_idcache.asm SUCCESS CPI:5.9 CYCLES:620 ICOUNT:105 IHITRATE: 19.3 DHITRATE: 2.4
/u/s/i/sinclair/courses/cs552/spring2019/handouts/testprograms/public/rand_final/t_114_mem.asm SUCCESS CPI:4.6 CYCLES:3162 ICOUNT:688 IHITRATE: 27.5 DHITRATE: 59.4
/u/s/i/sinclair/courses/cs552/spring2019/handouts/testprograms/public/rand_final/t_115_all.asm SUCCESS CPI:4.3 CYCLES:1898 ICOUNT:439 IHITRATE: 21.2 DHITRATE: 28.0
/u/s/i/sinclair/courses/cs552/spring2019/handouts/testprograms/public/rand_final/t_115_ctrl.asm SUCCESS CPI:4.6 CYCLES:2265 ICOUNT:496 IHITRATE: 21.6 DHITRATE: 22.1
/u/s/i/sinclair/courses/cs552/spring2019/handouts/testprograms/public/rand_final/t_115_icache.asm SUCCESS CPI:11.9 CYCLES:356 ICOUNT:30 IHITRATE: 10.2 DHITRATE: 0
/u/s/i/sinclair/courses/cs552/spring2019/handouts/testprograms/public/rand_final/t_115_idcache.asm SUCCESS CPI:8.0 CYCLES:550 ICOUNT:69 IHITRATE: 17.8 DHITRATE: 3.6
/u/s/i/sinclair/courses/cs552/spring2019/handouts/testprograms/public/rand_final/t_115_mem.asm SUCCESS CPI:4.8 CYCLES:3097 ICOUNT:651 IHITRATE: 26.9 DHITRATE: 72.1
/u/s/i/sinclair/courses/cs552/spring2019/handouts/testprograms/public/rand_final/t_116_all.asm SUCCESS CPI:4.0 CYCLES:2261 ICOUNT:563 IHITRATE: 22.6 DHITRATE: 25.0
/u/s/i/sinclair/courses/cs552/spring2019/handouts/testprograms/public/rand_final/t_116_ctrl.asm SUCCESS CPI:4.0 CYCLES:2412 ICOUNT:609 IHITRATE: 22.8 DHITRATE: 25.8
/u/s/i/sinclair/courses/cs552/spring2019/handouts/testprograms/public/rand_final/t_116_icache.asm SUCCESS CPI:38.0 CYCLES:342 ICOUNT:9 IHITRATE: 5.2 DHITRATE: 0
/u/s/i/sinclair/courses/cs552/spring2019/handouts/testprograms/public/rand_final/t_116_idcache.asm SUCCESS CPI:6.0 CYCLES:783 ICOUNT:130 IHITRATE: 15.6 DHITRATE: 8.0
/u/s/i/sinclair/courses/cs552/spring2019/handouts/testprograms/public/rand_final/t_116_mem.asm SUCCESS CPI:4.8 CYCLES:3196 ICOUNT:663 IHITRATE: 30.1 DHITRATE: 47.9
/u/s/i/sinclair/courses/cs552/spring2019/handouts/testprograms/public/rand_final/t_117_all.asm SUCCESS CPI:4.3 CYCLES:1951 ICOUNT:457 IHITRATE: 22.6 DHITRATE: 16.6
/u/s/i/sinclair/courses/cs552/spring2019/handouts/testprograms/public/rand_final/t_117_ctrl.asm SUCCESS CPI:4.4 CYCLES:2322 ICOUNT:528 IHITRATE: 21.9 DHITRATE: 20.3
/u/s/i/sinclair/courses/cs552/spring2019/handouts/testprograms/public/rand_final/t_117_icache.asm SUCCESS CPI:15.3 CYCLES:351 ICOUNT:23 IHITRATE: 9.9 DHITRATE: 0
/u/s/i/sinclair/courses/cs552/spring2019/handouts/testprograms/public/rand_final/t_117_idcache.asm SUCCESS CPI:8.9 CYCLES:839 ICOUNT:94 IHITRATE: 14.7 DHITRATE: 4.5
/u/s/i/sinclair/courses/cs552/spring2019/handouts/testprograms/public/rand_final/t_117_mem.asm SUCCESS CPI:4.7 CYCLES:3193 ICOUNT:681 IHITRATE: 27.9 DHITRATE: 53.4
/u/s/i/sinclair/courses/cs552/spring2019/handouts/testprograms/public/rand_final/t_118_all.asm SUCCESS CPI:4.3 CYCLES:2188 ICOUNT:506 IHITRATE: 22.7 DHITRATE: 19.3
/u/s/i/sinclair/courses/cs552/spring2019/handouts/testprograms/public/rand_final/t_118_ctrl.asm SUCCESS CPI:4.4 CYCLES:2262 ICOUNT:510 IHITRATE: 21.9 DHITRATE: 15.8
/u/s/i/sinclair/courses/cs552/spring2019/handouts/testprograms/public/rand_final/t_118_icache.asm SUCCESS CPI:20.2 CYCLES:283 ICOUNT:14 IHITRATE: 7.9 DHITRATE: 0
/u/s/i/sinclair/courses/cs552/spring2019/handouts/testprograms/public/rand_final/t_118_idcache.asm SUCCESS CPI:7.9 CYCLES:642 ICOUNT:81 IHITRATE: 14.5 DHITRATE: 2.7
/u/s/i/sinclair/courses/cs552/spring2019/handouts/testprograms/public/rand_final/t_118_mem.asm SUCCESS CPI:4.8 CYCLES:3153 ICOUNT:656 IHITRATE: 27.6 DHITRATE: 67.2
/u/s/i/sinclair/courses/cs552/spring2019/handouts/testprograms/public/rand_final/t_119_all.asm SUCCESS CPI:4.3 CYCLES:1764 ICOUNT:409 IHITRATE: 21.7 DHITRATE: 19.5
/u/s/i/sinclair/courses/cs552/spring2019/handouts/testprograms/public/rand_final/t_119_ctrl.asm SUCCESS CPI:4.2 CYCLES:2366 ICOUNT:557 IHITRATE: 21.6 DHITRATE: 21.4
/u/s/i/sinclair/courses/cs552/spring2019/handouts/testprograms/public/rand_final/t_119_icache.asm SUCCESS CPI:7.3 CYCLES:373 ICOUNT:51 IHITRATE: 10.9 DHITRATE: 0
/u/s/i/sinclair/courses/cs552/spring2019/handouts/testprograms/public/rand_final/t_119_idcache.asm SUCCESS CPI:6.5 CYCLES:512 ICOUNT:79 IHITRATE: 20.2 DHITRATE: 1.6
/u/s/i/sinclair/courses/cs552/spring2019/handouts/testprograms/public/rand_final/t_119_mem.asm SUCCESS CPI:4.8 CYCLES:3215 ICOUNT:675 IHITRATE: 28.4 DHITRATE: 52.6
/u/s/i/sinclair/courses/cs552/spring2019/handouts/testprograms/public/rand_final/t_11_mem.asm SUCCESS CPI:4.8 CYCLES:3219 ICOUNT:676 IHITRATE: 28.4 DHITRATE: 54.5
/u/s/i/sinclair/courses/cs552/spring2019/handouts/testprograms/public/rand_final/t_120_all.asm SUCCESS CPI:4.7 CYCLES:1772 ICOUNT:381 IHITRATE: 19.6 DHITRATE: 31.8
/u/s/i/sinclair/courses/cs552/spring2019/handouts/testprograms/public/rand_final/t_120_ctrl.asm SUCCESS CPI:4.2 CYCLES:2256 ICOUNT:538 IHITRATE: 21.2 DHITRATE: 22.0
/u/s/i/sinclair/courses/cs552/spring2019/handouts/testprograms/public/rand_final/t_120_icache.asm SUCCESS CPI:6.2 CYCLES:570 ICOUNT:92 IHITRATE: 15.3 DHITRATE: 0
/u/s/i/sinclair/courses/cs552/spring2019/handouts/testprograms/public/rand_final/t_120_idcache.asm SUCCESS CPI:6.8 CYCLES:752 ICOUNT:110 IHITRATE: 15.9 DHITRATE: 5.8
/u/s/i/sinclair/courses/cs552/spring2019/handouts/testprograms/public/rand_final/t_120_mem.asm SUCCESS CPI:4.7 CYCLES:3166 ICOUNT:671 IHITRATE: 27.3 DHITRATE: 61.5
/u/s/i/sinclair/courses/cs552/spring2019/handouts/testprograms/public/rand_final/t_121_all.asm SUCCESS CPI:4.7 CYCLES:1479 ICOUNT:318 IHITRATE: 20.5 DHITRATE: 17.2
/u/s/i/sinclair/courses/cs552/spring2019/handouts/testprograms/public/rand_final/t_122_all.asm SUCCESS CPI:4.5 CYCLES:1456 ICOUNT:324 IHITRATE: 20.8 DHITRATE: 20.0
/u/s/i/sinclair/courses/cs552/spring2019/handouts/testprograms/public/rand_final/t_123_all.asm SUCCESS CPI:4.2 CYCLES:2110 ICOUNT:500 IHITRATE: 21.0 DHITRATE: 16.0
/u/s/i/sinclair/courses/cs552/spring2019/handouts/testprograms/public/rand_final/t_124_all.asm SUCCESS CPI:4.1 CYCLES:1489 ICOUNT:362 IHITRATE: 22.4 DHITRATE: 17.3
/u/s/i/sinclair/courses/cs552/spring2019/handouts/testprograms/public/rand_final/t_125_all.asm SUCCESS CPI:4.4 CYCLES:2187 ICOUNT:497 IHITRATE: 22.7 DHITRATE: 11.2
/u/s/i/sinclair/courses/cs552/spring2019/handouts/testprograms/public/rand_final/t_126_all.asm SUCCESS CPI:4.1 CYCLES:2470 ICOUNT:608 IHITRATE: 23.0 DHITRATE: 11.2
/u/s/i/sinclair/courses/cs552/spring2019/handouts/testprograms/public/rand_final/t_127_all.asm SUCCESS CPI:4.3 CYCLES:1935 ICOUNT:451 IHITRATE: 21.6 DHITRATE: 22.9
/u/s/i/sinclair/courses/cs552/spring2019/handouts/testprograms/public/rand_final/t_128_all.asm SUCCESS CPI:4.6 CYCLES:1950 ICOUNT:427 IHITRATE: 20.4 DHITRATE: 16.8
/u/s/i/sinclair/courses/cs552/spring2019/handouts/testprograms/public/rand_final/t_129_all.asm SUCCESS CPI:4.4 CYCLES:1898 ICOUNT:428 IHITRATE: 23.0 DHITRATE: 19.8
/u/s/i/sinclair/courses/cs552/spring2019/handouts/testprograms/public/rand_final/t_12_mem.asm SUCCESS CPI:4.8 CYCLES:3140 ICOUNT:651 IHITRATE: 27.3 DHITRATE: 67.5
/u/s/i/sinclair/courses/cs552/spring2019/handouts/testprograms/public/rand_final/t_130_all.asm SUCCESS CPI:3.9 CYCLES:2430 ICOUNT:617 IHITRATE: 23.0 DHITRATE: 21.3
/u/s/i/sinclair/courses/cs552/spring2019/handouts/testprograms/public/rand_final/t_131_all.asm SUCCESS CPI:4.1 CYCLES:2235 ICOUNT:539 IHITRATE: 22.1 DHITRATE: 35.7
/u/s/i/sinclair/courses/cs552/spring2019/handouts/testprograms/public/rand_final/t_132_all.asm SUCCESS CPI:4.1 CYCLES:1945 ICOUNT:472 IHITRATE: 22.0 DHITRATE: 16.4
/u/s/i/sinclair/courses/cs552/spring2019/handouts/testprograms/public/rand_final/t_133_all.asm SUCCESS CPI:4.1 CYCLES:1840 ICOUNT:446 IHITRATE: 23.1 DHITRATE: 14.7
/u/s/i/sinclair/courses/cs552/spring2019/handouts/testprograms/public/rand_final/t_134_all.asm SUCCESS CPI:4.0 CYCLES:1923 ICOUNT:479 IHITRATE: 22.9 DHITRATE: 19.2
/u/s/i/sinclair/courses/cs552/spring2019/handouts/testprograms/public/rand_final/t_135_all.asm SUCCESS CPI:4.0 CYCLES:2423 ICOUNT:601 IHITRATE: 22.9 DHITRATE: 17.3
/u/s/i/sinclair/courses/cs552/spring2019/handouts/testprograms/public/rand_final/t_136_all.asm SUCCESS CPI:4.4 CYCLES:1811 ICOUNT:413 IHITRATE: 21.4 DHITRATE: 20.0
/u/s/i/sinclair/courses/cs552/spring2019/handouts/testprograms/public/rand_final/t_137_all.asm SUCCESS CPI:4.0 CYCLES:2165 ICOUNT:540 IHITRATE: 22.6 DHITRATE: 17.6
/u/s/i/sinclair/courses/cs552/spring2019/handouts/testprograms/public/rand_final/t_138_all.asm SUCCESS CPI:4.1 CYCLES:2492 ICOUNT:614 IHITRATE: 22.7 DHITRATE: 23.7
/u/s/i/sinclair/courses/cs552/spring2019/handouts/testprograms/public/rand_final/t_139_all.asm SUCCESS CPI:4.6 CYCLES:1679 ICOUNT:368 IHITRATE: 20.5 DHITRATE: 10.8
/u/s/i/sinclair/courses/cs552/spring2019/handouts/testprograms/public/rand_final/t_13_mem.asm SUCCESS CPI:4.6 CYCLES:3155 ICOUNT:679 IHITRATE: 27.3 DHITRATE: 67.4
/u/s/i/sinclair/courses/cs552/spring2019/handouts/testprograms/public/rand_final/t_140_all.asm SUCCESS CPI:4.2 CYCLES:1719 ICOUNT:405 IHITRATE: 21.4 DHITRATE: 16.8
/u/s/i/sinclair/courses/cs552/spring2019/handouts/testprograms/public/rand_final/t_141_all.asm SUCCESS CPI:4.0 CYCLES:1941 ICOUNT:484 IHITRATE: 23.0 DHITRATE: 37.6
/u/s/i/sinclair/courses/cs552/spring2019/handouts/testprograms/public/rand_final/t_142_all.asm SUCCESS CPI:4.2 CYCLES:1640 ICOUNT:392 IHITRATE: 21.9 DHITRATE: 23.4
/u/s/i/sinclair/courses/cs552/spring2019/handouts/testprograms/public/rand_final/t_143_all.asm SUCCESS CPI:4.0 CYCLES:2019 ICOUNT:509 IHITRATE: 23.3 DHITRATE: 21.1
/u/s/i/sinclair/courses/cs552/spring2019/handouts/testprograms/public/rand_final/t_144_all.asm SUCCESS CPI:4.6 CYCLES:1990 ICOUNT:434 IHITRATE: 20.8 DHITRATE: 11.3
/u/s/i/sinclair/courses/cs552/spring2019/handouts/testprograms/public/rand_final/t_145_all.asm SUCCESS CPI:4.2 CYCLES:1841 ICOUNT:437 IHITRATE: 22.1 DHITRATE: 16.4
/u/s/i/sinclair/courses/cs552/spring2019/handouts/testprograms/public/rand_final/t_146_all.asm SUCCESS CPI:4.1 CYCLES:2481 ICOUNT:604 IHITRATE: 23.3 DHITRATE: 23.7
/u/s/i/sinclair/courses/cs552/spring2019/handouts/testprograms/public/rand_final/t_147_all.asm SUCCESS CPI:4.2 CYCLES:1855 ICOUNT:441 IHITRATE: 21.6 DHITRATE: 23.4
/u/s/i/sinclair/courses/cs552/spring2019/handouts/testprograms/public/rand_final/t_148_all.asm SUCCESS CPI:4.2 CYCLES:1901 ICOUNT:449 IHITRATE: 22.4 DHITRATE: 23.3
/u/s/i/sinclair/courses/cs552/spring2019/handouts/testprograms/public/rand_final/t_149_all.asm SUCCESS CPI:4.0 CYCLES:1826 ICOUNT:451 IHITRATE: 22.6 DHITRATE: 16.1
/u/s/i/sinclair/courses/cs552/spring2019/handouts/testprograms/public/rand_final/t_14_mem.asm SUCCESS CPI:4.9 CYCLES:3179 ICOUNT:648 IHITRATE: 27.9 DHITRATE: 58.9
/u/s/i/sinclair/courses/cs552/spring2019/handouts/testprograms/public/rand_final/t_150_all.asm SUCCESS CPI:4.3 CYCLES:2126 ICOUNT:498 IHITRATE: 21.3 DHITRATE: 25.0
/u/s/i/sinclair/courses/cs552/spring2019/handouts/testprograms/public/rand_final/t_15_mem.asm SUCCESS CPI:4.7 CYCLES:3154 ICOUNT:670 IHITRATE: 27.3 DHITRATE: 65.3
/u/s/i/sinclair/courses/cs552/spring2019/handouts/testprograms/public/rand_final/t_16_mem.asm SUCCESS CPI:4.8 CYCLES:3116 ICOUNT:655 IHITRATE: 27.6 DHITRATE: 67.2
/u/s/i/sinclair/courses/cs552/spring2019/handouts/testprograms/public/rand_final/t_17_mem.asm SUCCESS CPI:4.7 CYCLES:3199 ICOUNT:687 IHITRATE: 27.8 DHITRATE: 63.6
/u/s/i/sinclair/courses/cs552/spring2019/handouts/testprograms/public/rand_final/t_18_mem.asm SUCCESS CPI:4.7 CYCLES:3172 ICOUNT:673 IHITRATE: 27.7 DHITRATE: 58.3
/u/s/i/sinclair/courses/cs552/spring2019/handouts/testprograms/public/rand_final/t_19_mem.asm SUCCESS CPI:4.7 CYCLES:3137 ICOUNT:671 IHITRATE: 27.2 DHITRATE: 60.1
