/u/s/i/sinclair/courses/cs552/spring2019/handouts/testprograms/public/rand_ldst/ldld.asm SUCCESS CPI:4.6 CYCLES:269 ICOUNT:58 IHITRATE: 84.9 DHITRATE: 22.9
/u/s/i/sinclair/courses/cs552/spring2019/handouts/testprograms/public/rand_ldst/ldld_rand_large.asm SUCCESS CPI:2.5 CYCLES:2609 ICOUNT:1035 IHITRATE: 98.2 DHITRATE: 77.3
/u/s/i/sinclair/courses/cs552/spring2019/handouts/testprograms/public/rand_ldst/ldld_rand_large_1.asm SUCCESS CPI:2.4 CYCLES:2521 ICOUNT:1035 IHITRATE: 98.2 DHITRATE: 85.0
/u/s/i/sinclair/courses/cs552/spring2019/handouts/testprograms/public/rand_ldst/ldld_rand_large_2.asm SUCCESS CPI:2.3 CYCLES:2423 ICOUNT:1035 IHITRATE: 98.1 DHITRATE: 96.1
/u/s/i/sinclair/courses/cs552/spring2019/handouts/testprograms/public/rand_ldst/ldld_rand_large_3.asm SUCCESS CPI:2.4 CYCLES:2497 ICOUNT:1035 IHITRATE: 98.1 DHITRATE: 87.3
/u/s/i/sinclair/courses/cs552/spring2019/handouts/testprograms/public/rand_ldst/ldld_rand_large_4.asm SUCCESS CPI:2.5 CYCLES:2593 ICOUNT:1035 IHITRATE: 98.2 DHITRATE: 78.6
/u/s/i/sinclair/courses/cs552/spring2019/handouts/testprograms/public/rand_ldst/ldld_rand_large_5.asm SUCCESS CPI:2.5 CYCLES:2609 ICOUNT:1035 IHITRATE: 98.2 DHITRATE: 77.3
/u/s/i/sinclair/courses/cs552/spring2019/handouts/testprograms/public/rand_ldst/ldld_rand_large_6.asm SUCCESS CPI:2.5 CYCLES:2601 ICOUNT:1035 IHITRATE: 98.2 DHITRATE: 77.9
/u/s/i/sinclair/courses/cs552/spring2019/handouts/testprograms/public/rand_ldst/ldld_rand_large_7.asm SUCCESS CPI:2.6 CYCLES:2649 ICOUNT:1035 IHITRATE: 98.3 DHITRATE: 74.1
/u/s/i/sinclair/courses/cs552/spring2019/handouts/testprograms/public/rand_ldst/ldld_rand_large_8.asm SUCCESS CPI:2.4 CYCLES:2529 ICOUNT:1035 IHITRATE: 98.2 DHITRATE: 84.2
/u/s/i/sinclair/courses/cs552/spring2019/handouts/testprograms/public/rand_ldst/ldld_rand_large_9.asm SUCCESS CPI:2.4 CYCLES:2513 ICOUNT:1035 IHITRATE: 98.2 DHITRATE: 85.8
/u/s/i/sinclair/courses/cs552/spring2019/handouts/testprograms/public/rand_ldst/ldld_rand_small.asm SUCCESS CPI:2.5 CYCLES:2609 ICOUNT:1035 IHITRATE: 98.2 DHITRATE: 77.3
/u/s/i/sinclair/courses/cs552/spring2019/handouts/testprograms/public/rand_ldst/ldld_rand_small_1.asm SUCCESS CPI:2.4 CYCLES:2521 ICOUNT:1035 IHITRATE: 98.2 DHITRATE: 85.0
/u/s/i/sinclair/courses/cs552/spring2019/handouts/testprograms/public/rand_ldst/ldld_rand_small_2.asm SUCCESS CPI:2.3 CYCLES:2423 ICOUNT:1035 IHITRATE: 98.1 DHITRATE: 96.1
/u/s/i/sinclair/courses/cs552/spring2019/handouts/testprograms/public/rand_ldst/ldld_rand_small_3.asm SUCCESS CPI:2.4 CYCLES:2497 ICOUNT:1035 IHITRATE: 98.1 DHITRATE: 87.3
/u/s/i/sinclair/courses/cs552/spring2019/handouts/testprograms/public/rand_ldst/ldld_rand_small_4.asm SUCCESS CPI:2.5 CYCLES:2593 ICOUNT:1035 IHITRATE: 98.2 DHITRATE: 78.6
/u/s/i/sinclair/courses/cs552/spring2019/handouts/testprograms/public/rand_ldst/ldld_rand_small_5.asm SUCCESS CPI:2.5 CYCLES:2609 ICOUNT:1035 IHITRATE: 98.2 DHITRATE: 77.3
/u/s/i/sinclair/courses/cs552/spring2019/handouts/testprograms/public/rand_ldst/ldld_rand_small_6.asm SUCCESS CPI:2.5 CYCLES:2601 ICOUNT:1035 IHITRATE: 98.2 DHITRATE: 77.9
/u/s/i/sinclair/courses/cs552/spring2019/handouts/testprograms/public/rand_ldst/ldld_rand_small_7.asm SUCCESS CPI:2.6 CYCLES:2649 ICOUNT:1035 IHITRATE: 98.3 DHITRATE: 74.1
/u/s/i/sinclair/courses/cs552/spring2019/handouts/testprograms/public/rand_ldst/ldld_rand_small_8.asm SUCCESS CPI:2.4 CYCLES:2529 ICOUNT:1035 IHITRATE: 98.2 DHITRATE: 84.2
/u/s/i/sinclair/courses/cs552/spring2019/handouts/testprograms/public/rand_ldst/ldld_rand_small_9.asm SUCCESS CPI:2.4 CYCLES:2513 ICOUNT:1035 IHITRATE: 98.2 DHITRATE: 85.8
/u/s/i/sinclair/courses/cs552/spring2019/handouts/testprograms/public/rand_ldst/ldst.asm SUCCESS CPI:3.2 CYCLES:326 ICOUNT:102 IHITRATE: 84.8 DHITRATE: 41.3
/u/s/i/sinclair/courses/cs552/spring2019/handouts/testprograms/public/rand_ldst/ldst_rand_large.asm SUCCESS CPI:12.6 CYCLES:38 ICOUNT:3 IHITRATE: 12.5 DHITRATE: 0.0
/u/s/i/sinclair/courses/cs552/spring2019/handouts/testprograms/public/rand_ldst/ldst_rand_large_1.asm SUCCESS CPI:12.6 CYCLES:38 ICOUNT:3 IHITRATE: 12.5 DHITRATE: 0.0
/u/s/i/sinclair/courses/cs552/spring2019/handouts/testprograms/public/rand_ldst/ldst_rand_large_2.asm SUCCESS CPI:12.6 CYCLES:38 ICOUNT:3 IHITRATE: 12.5 DHITRATE: 0.0
/u/s/i/sinclair/courses/cs552/spring2019/handouts/testprograms/public/rand_ldst/ldst_rand_large_3.asm SUCCESS CPI:12.6 CYCLES:38 ICOUNT:3 IHITRATE: 12.5 DHITRATE: 0.0
/u/s/i/sinclair/courses/cs552/spring2019/handouts/testprograms/public/rand_ldst/ldst_rand_large_4.asm SUCCESS CPI:12.6 CYCLES:38 ICOUNT:3 IHITRATE: 12.5 DHITRATE: 0.0
/u/s/i/sinclair/courses/cs552/spring2019/handouts/testprograms/public/rand_ldst/ldst_rand_large_5.asm SUCCESS CPI:12.6 CYCLES:38 ICOUNT:3 IHITRATE: 12.5 DHITRATE: 0.0
/u/s/i/sinclair/courses/cs552/spring2019/handouts/testprograms/public/rand_ldst/ldst_rand_large_6.asm SUCCESS CPI:12.6 CYCLES:38 ICOUNT:3 IHITRATE: 12.5 DHITRATE: 0.0
/u/s/i/sinclair/courses/cs552/spring2019/handouts/testprograms/public/rand_ldst/ldst_rand_large_7.asm SUCCESS CPI:12.6 CYCLES:38 ICOUNT:3 IHITRATE: 12.5 DHITRATE: 0.0
/u/s/i/sinclair/courses/cs552/spring2019/handouts/testprograms/public/rand_ldst/ldst_rand_large_8.asm SUCCESS CPI:12.6 CYCLES:38 ICOUNT:3 IHITRATE: 12.5 DHITRATE: 0.0
/u/s/i/sinclair/courses/cs552/spring2019/handouts/testprograms/public/rand_ldst/ldst_rand_large_9.asm SUCCESS CPI:12.6 CYCLES:38 ICOUNT:3 IHITRATE: 12.5 DHITRATE: 0.0
/u/s/i/sinclair/courses/cs552/spring2019/handouts/testprograms/public/rand_ldst/ldst_rand_small.asm SUCCESS CPI:12.6 CYCLES:38 ICOUNT:3 IHITRATE: 12.5 DHITRATE: 0.0
/u/s/i/sinclair/courses/cs552/spring2019/handouts/testprograms/public/rand_ldst/ldst_rand_small_1.asm SUCCESS CPI:12.6 CYCLES:38 ICOUNT:3 IHITRATE: 12.5 DHITRATE: 0.0
/u/s/i/sinclair/courses/cs552/spring2019/handouts/testprograms/public/rand_ldst/ldst_rand_small_2.asm SUCCESS CPI:12.6 CYCLES:38 ICOUNT:3 IHITRATE: 12.5 DHITRATE: 0.0
/u/s/i/sinclair/courses/cs552/spring2019/handouts/testprograms/public/rand_ldst/ldst_rand_small_3.asm SUCCESS CPI:12.6 CYCLES:38 ICOUNT:3 IHITRATE: 12.5 DHITRATE: 0.0
/u/s/i/sinclair/courses/cs552/spring2019/handouts/testprograms/public/rand_ldst/ldst_rand_small_4.asm SUCCESS CPI:12.6 CYCLES:38 ICOUNT:3 IHITRATE: 12.5 DHITRATE: 0.0
/u/s/i/sinclair/courses/cs552/spring2019/handouts/testprograms/public/rand_ldst/ldst_rand_small_5.asm SUCCESS CPI:12.6 CYCLES:38 ICOUNT:3 IHITRATE: 12.5 DHITRATE: 0.0
/u/s/i/sinclair/courses/cs552/spring2019/handouts/testprograms/public/rand_ldst/ldst_rand_small_6.asm SUCCESS CPI:12.6 CYCLES:38 ICOUNT:3 IHITRATE: 12.5 DHITRATE: 0.0
/u/s/i/sinclair/courses/cs552/spring2019/handouts/testprograms/public/rand_ldst/ldst_rand_small_7.asm SUCCESS CPI:12.6 CYCLES:38 ICOUNT:3 IHITRATE: 12.5 DHITRATE: 0.0
/u/s/i/sinclair/courses/cs552/spring2019/handouts/testprograms/public/rand_ldst/ldst_rand_small_8.asm SUCCESS CPI:12.6 CYCLES:38 ICOUNT:3 IHITRATE: 12.5 DHITRATE: 0.0
/u/s/i/sinclair/courses/cs552/spring2019/handouts/testprograms/public/rand_ldst/ldst_rand_small_9.asm SUCCESS CPI:12.6 CYCLES:38 ICOUNT:3 IHITRATE: 12.5 DHITRATE: 0.0
/u/s/i/sinclair/courses/cs552/spring2019/handouts/testprograms/public/rand_ldst/rpt_ld_test_0.asm SUCCESS CPI:4.2 CYCLES:42 ICOUNT:10 IHITRATE: 25.6 DHITRATE: 40.0
/u/s/i/sinclair/courses/cs552/spring2019/handouts/testprograms/public/rand_ldst/rpt_ld_test_1.asm SUCCESS CPI:7.4 CYCLES:52 ICOUNT:7 IHITRATE: 19.6 DHITRATE: 25.0
/u/s/i/sinclair/courses/cs552/spring2019/handouts/testprograms/public/rand_ldst/rpt_reg_test_0.asm SUCCESS CPI:4.4 CYCLES:40 ICOUNT:9 IHITRATE: 24.3 DHITRATE: 0
/u/s/i/sinclair/courses/cs552/spring2019/handouts/testprograms/public/rand_ldst/rpt_reg_test_1.asm SUCCESS CPI:7.4 CYCLES:52 ICOUNT:7 IHITRATE: 19.6 DHITRATE: 0
/u/s/i/sinclair/courses/cs552/spring2019/handouts/testprograms/public/rand_ldst/rpt_st_test_0.asm SUCCESS CPI:4.2 CYCLES:42 ICOUNT:10 IHITRATE: 25.6 DHITRATE: 40.0
/u/s/i/sinclair/courses/cs552/spring2019/handouts/testprograms/public/rand_ldst/rpt_st_test_1.asm SUCCESS CPI:7.4 CYCLES:52 ICOUNT:7 IHITRATE: 19.6 DHITRATE: 25.0
